{
  "RSpec": {
    "coverage": {
      "/Users/jeantroiani/Desktop/vending_machine/lib/vending.rb": [
        null,
        1,
        1,
        1,
        1,
        null,
        1,
        null,
        1,
        1,
        null,
        1,
        5,
        5,
        null,
        null,
        null,
        1,
        2,
        null,
        null,
        1,
        1,
        1,
        1,
        1,
        null,
        null,
        1,
        1,
        1,
        null,
        null,
        1,
        1,
        0,
        0,
        0,
        null,
        null,
        null,
        1,
        1,
        1,
        1,
        null,
        null,
        null,
        null,
        null,
        null
      ],
      "/Users/jeantroiani/Desktop/vending_machine/lib/cash.rb": [
        1,
        null,
        1,
        1,
        null,
        1,
        null,
        9,
        null,
        9,
        null,
        null,
        null,
        null,
        null,
        null,
        null,
        null,
        null,
        null,
        null,
        1,
        4,
        null,
        null,
        1,
        1,
        null,
        null,
        1,
        18,
        null,
        null,
        1,
        8,
        null,
        null,
        1,
        1,
        null,
        null,
        1,
        2,
        18,
        null,
        null,
        1,
        16,
        16,
        null,
        null,
        1,
        16,
        16,
        4,
        4,
        4,
        null,
        null,
        null,
        null
      ],
      "/Users/jeantroiani/Desktop/vending_machine/lib/product.rb": [
        1,
        null,
        1,
        1,
        null,
        1,
        3,
        3,
        null,
        null,
        null
      ],
      "/Users/jeantroiani/Desktop/vending_machine/lib/currency.rb": [
        1,
        null,
        1,
        null,
        1,
        null,
        11,
        null,
        null,
        null,
        null,
        null,
        null,
        null,
        null,
        null,
        null,
        null,
        1,
        19,
        null,
        null,
        null,
        1,
        18,
        null,
        null,
        null
      ],
      "/Users/jeantroiani/Desktop/vending_machine/lib/container.rb": [
        1,
        null,
        1,
        null,
        1,
        9,
        null,
        null,
        1,
        7,
        null,
        null,
        1,
        3,
        3,
        null,
        null,
        null
      ]
    },
    "timestamp": 1411421241
  }
}
